<?xml version="1.0" encoding="UTF-8"?>
<!-- Generated by org.testng.reporters.JUnitReportReporter -->
<testsuite hostname="DESKTOP-B6TBREF" failures="0" tests="1" name="handlingwindowsalertsframes.AlertHandling1" time="14.068" errors="0" timestamp="2024-10-24T19:25:55 IST" skipped="0">
  <testcase classname="handlingwindowsalertsframes.AlertHandling1" name="AlertHandling" time="14.068"/>
  <system-out/>
</testsuite> <!-- handlingwindowsalertsframes.AlertHandling1 -->
