<?xml version="1.0" encoding="UTF-8"?>
<!-- Generated by org.testng.reporters.JUnitReportReporter -->
<testsuite hostname="DESKTOP-B6TBREF" failures="0" tests="4" name="testng.AdactinApp3" time="0.193" errors="0" timestamp="2024-10-23T13:17:10 IST" skipped="0">
  <testcase classname="testng.AdactinApp3" name="registrationTest" time="0.068"/>
  <system-out/>
  <testcase classname="testng.AdactinApp3" name="loginTest" time="0.028"/>
  <system-out/>
  <testcase classname="testng.AdactinApp3" name="forgotPasswordTest" time="0.035"/>
  <system-out/>
  <testcase classname="testng.AdactinApp3" name="changePasswordTest" time="0.062"/>
  <system-out/>
</testsuite> <!-- testng.AdactinApp3 -->
