<?xml version="1.0" encoding="UTF-8"?>
<!-- Generated by org.testng.reporters.JUnitReportReporter -->
<testsuite hostname="DESKTOP-B6TBREF" failures="0" tests="1" name="actions.MouseHover" time="20.452" errors="0" timestamp="2024-10-23T17:38:57 IST" skipped="0">
  <testcase classname="actions.MouseHover" name="mouseHoverTest" time="20.452"/>
  <system-out/>
</testsuite> <!-- actions.MouseHover -->
