<?xml version="1.0" encoding="UTF-8"?>
<!-- Generated by org.testng.reporters.JUnitReportReporter -->
<testsuite hostname="DESKTOP-B6TBREF" failures="0" tests="1" name="handlingwindowsalertsframes.FrameHandling2" time="23.127" errors="0" timestamp="2024-10-24T19:02:02 IST" skipped="0">
  <testcase classname="handlingwindowsalertsframes.FrameHandling2" name="frameHandlingTest" time="23.127"/>
  <system-out/>
</testsuite> <!-- handlingwindowsalertsframes.FrameHandling2 -->
