<?xml version="1.0" encoding="UTF-8"?>
<!-- Generated by org.testng.reporters.JUnitReportReporter -->
<testsuite hostname="DESKTOP-B6TBREF" failures="0" tests="1" name="waits.ExplicitWaitDemo" time="18.453" errors="0" timestamp="2024-10-27T11:41:30 IST" skipped="0">
  <testcase classname="waits.ExplicitWaitDemo" name="waitsTest" time="18.453"/>
  <system-out/>
</testsuite> <!-- waits.ExplicitWaitDemo -->
