<?xml version="1.0" encoding="UTF-8"?>
<!-- Generated by org.testng.reporters.JUnitReportReporter -->
<testsuite hostname="DESKTOP-B6TBREF" failures="0" tests="1" name="screenshots.ScreenShotDemo2" time="11.836" errors="0" timestamp="2024-10-25T19:43:49 IST" skipped="0">
  <testcase classname="screenshots.ScreenShotDemo2" name="ScrollTest" time="11.836"/>
  <system-out/>
</testsuite> <!-- screenshots.ScreenShotDemo2 -->
