<?xml version="1.0" encoding="UTF-8"?>
<!-- Generated by org.testng.reporters.JUnitReportReporter -->
<testsuite hostname="DESKTOP-B6TBREF" failures="0" tests="1" name="actions.DragAndDrop" time="11.530" errors="0" timestamp="2024-10-23T18:57:48 IST" skipped="0">
  <testcase classname="actions.DragAndDrop" name="dragAndDropTest" time="11.530"/>
  <system-out/>
</testsuite> <!-- actions.DragAndDrop -->
