<?xml version="1.0" encoding="UTF-8"?>
<!-- Generated by org.testng.reporters.JUnitReportReporter -->
<testsuite hostname="DESKTOP-B6TBREF" failures="0" tests="1" name="javascriptexecutor.ScrollToBottom" time="59.057" errors="0" timestamp="2024-10-25T18:36:22 IST" skipped="0">
  <testcase classname="javascriptexecutor.ScrollToBottom" name="ScrollTest" time="59.057"/>
  <system-out/>
</testsuite> <!-- javascriptexecutor.ScrollToBottom -->
