<?xml version="1.0" encoding="UTF-8"?>
<!-- Generated by org.testng.reporters.JUnitReportReporter -->
<testsuite hostname="DESKTOP-B6TBREF" failures="0" tests="1" name="fileupload.FileUploadDemo1" time="52.962" errors="0" timestamp="2024-10-30T20:06:14 IST" skipped="0">
  <testcase classname="fileupload.FileUploadDemo1" name="fileUploadTest" time="52.962"/>
  <system-out/>
</testsuite> <!-- fileupload.FileUploadDemo1 -->
