<?xml version="1.0" encoding="UTF-8"?>
<!-- Generated by org.testng.reporters.JUnitReportReporter -->
<testsuite hostname="DESKTOP-B6TBREF" failures="0" tests="1" name="actions.RightClick" time="19.226" errors="0" timestamp="2024-10-23T19:35:50 IST" skipped="0">
  <testcase classname="actions.RightClick" name="rightClickTest" time="19.226"/>
  <system-out/>
</testsuite> <!-- actions.RightClick -->
