<?xml version="1.0" encoding="UTF-8"?>
<!-- Generated by org.testng.reporters.JUnitReportReporter -->
<testsuite hostname="DESKTOP-B6TBREF" failures="0" tests="1" name="testng.TestNGDemo1" time="0.036" errors="0" timestamp="2024-10-18T16:02:38 IST" skipped="0">
  <testcase classname="testng.TestNGDemo1" name="m1" time="0.036"/>
  <system-out/>
</testsuite> <!-- testng.TestNGDemo1 -->
