<?xml version="1.0" encoding="UTF-8"?>
<!-- Generated by org.testng.reporters.JUnitReportReporter -->
<testsuite hostname="DESKTOP-B6TBREF" failures="0" tests="1" name="waits.FluentWaitDemo" time="17.451" errors="0" timestamp="2024-10-27T11:50:51 IST" skipped="0">
  <testcase classname="waits.FluentWaitDemo" name="waitsTest" time="17.451"/>
  <system-out/>
</testsuite> <!-- waits.FluentWaitDemo -->
