<?xml version="1.0" encoding="UTF-8"?>
<!-- Generated by org.testng.reporters.JUnitReportReporter -->
<testsuite hostname="DESKTOP-B6TBREF" failures="0" tests="4" name="testng.AdactinApp4" time="0.106" errors="0" timestamp="2024-10-23T13:19:48 IST" skipped="0">
  <testcase classname="testng.AdactinApp4" name="registrationTest" time="0.050"/>
  <system-out/>
  <testcase classname="testng.AdactinApp4" name="loginTest" time="0.030"/>
  <system-out/>
  <testcase classname="testng.AdactinApp4" name="forgotPasswordTest" time="0.018"/>
  <system-out/>
  <testcase classname="testng.AdactinApp4" name="changePasswordTest" time="0.008"/>
  <system-out/>
</testsuite> <!-- testng.AdactinApp4 -->
