<?xml version="1.0" encoding="UTF-8"?>
<!-- Generated by org.testng.reporters.JUnitReportReporter -->
<testsuite hostname="DESKTOP-B6TBREF" failures="0" tests="1" name="handlingwindowsalertsframes.FrameHandling1" time="10.954" errors="0" timestamp="2024-10-24T18:07:49 IST" skipped="0">
  <testcase classname="handlingwindowsalertsframes.FrameHandling1" name="dragAndDropTest" time="10.954"/>
  <system-out/>
</testsuite> <!-- handlingwindowsalertsframes.FrameHandling1 -->
