<?xml version="1.0" encoding="UTF-8"?>
<!-- Generated by org.testng.reporters.JUnitReportReporter -->
<testsuite hostname="DESKTOP-B6TBREF" failures="0" tests="1" name="shadowroot.ShadowDemo1" time="13.850" errors="0" timestamp="2024-10-27T20:25:56 IST" skipped="0">
  <testcase classname="shadowroot.ShadowDemo1" name="shadowDomTest" time="13.850"/>
  <system-out/>
</testsuite> <!-- shadowroot.ShadowDemo1 -->
