<?xml version="1.0" encoding="UTF-8"?>
<!-- Generated by org.testng.reporters.JUnitReportReporter -->
<testsuite hostname="DESKTOP-B6TBREF" failures="0" tests="1" name="testng.ValidateLogin" time="14.359" errors="0" timestamp="2024-10-23T14:06:00 IST" skipped="0">
  <testcase classname="testng.ValidateLogin" name="validateLoginUsingValidCredentials" time="14.359"/>
  <system-out/>
</testsuite> <!-- testng.ValidateLogin -->
