<?xml version="1.0" encoding="UTF-8"?>
<!-- Generated by org.testng.reporters.JUnitReportReporter -->
<testsuite hostname="DESKTOP-B6TBREF" failures="0" tests="1" name="screenshots.ScreenShotDemo1" time="23.722" errors="0" timestamp="2024-10-30T19:59:27 IST" skipped="0">
  <testcase classname="screenshots.ScreenShotDemo1" name="scrollTest" time="23.722"/>
  <system-out/>
</testsuite> <!-- screenshots.ScreenShotDemo1 -->
