<?xml version="1.0" encoding="UTF-8"?>
<!-- Generated by org.testng.reporters.JUnitReportReporter -->
<testsuite hostname="DESKTOP-B6TBREF" failures="0" tests="3" name="testng.AdactinApp" time="0.073" errors="0" timestamp="2024-10-18T16:15:18 IST" skipped="0">
  <testcase classname="testng.AdactinApp" name="registration" time="0.015"/>
  <system-out/>
  <testcase classname="testng.AdactinApp" name="forgotpassword" time="0.012"/>
  <system-out/>
  <testcase classname="testng.AdactinApp" name="LoginTest" time="0.046"/>
  <system-out/>
</testsuite> <!-- testng.AdactinApp -->
