<?xml version="1.0" encoding="UTF-8"?>
<!-- Generated by org.testng.reporters.JUnitReportReporter -->
<testsuite hostname="DESKTOP-B6TBREF" failures="0" tests="1" name="webtables.WebTbleDynamic" time="34.367" errors="0" timestamp="2024-10-27T20:20:20 IST" skipped="0">
  <testcase classname="webtables.WebTbleDynamic" name="webTableTest" time="34.367"/>
  <system-out/>
</testsuite> <!-- webtables.WebTbleDynamic -->
